2021-12-22 20:12:50 notice: Notice (8): Undefined variable: tasks in [/Applications/XAMPP/xamppfiles/htdocs/todo/src/Controller/TasksController.php, line 23]
Request URL: /Tasks
Client IP: 127.0.0.1
Trace:
Cake\Error\BaseErrorHandler::handleError() - CORE/src/Error/BaseErrorHandler.php, line 185
DebugKit\Plugin::DebugKit\{closure}() - ROOT/vendor/cakephp/debug_kit/src/Plugin.php, line 105
App\Controller\TasksController::index() - APP/Controller/TasksController.php, line 23
Cake\Controller\Controller::invokeAction() - CORE/src/Controller/Controller.php, line 539
Cake\Controller\ControllerFactory::handle() - CORE/src/Controller/ControllerFactory.php, line 140
Cake\Controller\ControllerFactory::invoke() - CORE/src/Controller/ControllerFactory.php, line 115
Cake\Http\BaseApplication::handle() - CORE/src/Http/BaseApplication.php, line 317
Cake\Http\Runner::handle() - CORE/src/Http/Runner.php, line 77
Cake\Http\Middleware\CsrfProtectionMiddleware::process() - CORE/src/Http/Middleware/CsrfProtectionMiddleware.php, line 174
Cake\Http\Runner::handle() - CORE/src/Http/Runner.php, line 73
Cake\Http\Middleware\BodyParserMiddleware::process() - CORE/src/Http/Middleware/BodyParserMiddleware.php, line 157
Cake\Http\Runner::handle() - CORE/src/Http/Runner.php, line 73
Cake\Routing\Middleware\RoutingMiddleware::process() - CORE/src/Routing/Middleware/RoutingMiddleware.php, line 161
Cake\Http\Runner::handle() - CORE/src/Http/Runner.php, line 73
Cake\Routing\Middleware\AssetMiddleware::process() - CORE/src/Routing/Middleware/AssetMiddleware.php, line 68
Cake\Http\Runner::handle() - CORE/src/Http/Runner.php, line 73
Cake\Error\Middleware\ErrorHandlerMiddleware::process() - CORE/src/Error/Middleware/ErrorHandlerMiddleware.php, line 126
Cake\Http\Runner::handle() - CORE/src/Http/Runner.php, line 73
DebugKit\Middleware\DebugKitMiddleware::process() - ROOT/vendor/cakephp/debug_kit/src/Middleware/DebugKitMiddleware.php, line 60
Cake\Http\Runner::handle() - CORE/src/Http/Runner.php, line 73
Cake\Http\Runner::run() - CORE/src/Http/Runner.php, line 58
Cake\Http\Server::run() - CORE/src/Http/Server.php, line 90
[main] - ROOT/webroot/index.php, line 40

2021-12-22 20:13:04 notice: Notice (1024): Undefined property: TasksController::$tasks in /Applications/XAMPP/xamppfiles/htdocs/todo/src/Controller/TasksController.php on line 20 in [/Applications/XAMPP/xamppfiles/htdocs/todo/vendor/cakephp/cakephp/src/Controller/Controller.php, line 329]
Request URL: /Tasks
Client IP: 127.0.0.1
Trace:
Cake\Error\BaseErrorHandler::handleError() - CORE/src/Error/BaseErrorHandler.php, line 185
DebugKit\Plugin::DebugKit\{closure}() - ROOT/vendor/cakephp/debug_kit/src/Plugin.php, line 105
Cake\Controller\Controller::__get() - CORE/src/Controller/Controller.php, line 329
App\Controller\TasksController::index() - APP/Controller/TasksController.php, line 20
Cake\Controller\Controller::invokeAction() - CORE/src/Controller/Controller.php, line 539
Cake\Controller\ControllerFactory::handle() - CORE/src/Controller/ControllerFactory.php, line 140
Cake\Controller\ControllerFactory::invoke() - CORE/src/Controller/ControllerFactory.php, line 115
Cake\Http\BaseApplication::handle() - CORE/src/Http/BaseApplication.php, line 317
Cake\Http\Runner::handle() - CORE/src/Http/Runner.php, line 77
Cake\Http\Middleware\CsrfProtectionMiddleware::process() - CORE/src/Http/Middleware/CsrfProtectionMiddleware.php, line 174
Cake\Http\Runner::handle() - CORE/src/Http/Runner.php, line 73
Cake\Http\Middleware\BodyParserMiddleware::process() - CORE/src/Http/Middleware/BodyParserMiddleware.php, line 157
Cake\Http\Runner::handle() - CORE/src/Http/Runner.php, line 73
Cake\Routing\Middleware\RoutingMiddleware::process() - CORE/src/Routing/Middleware/RoutingMiddleware.php, line 161
Cake\Http\Runner::handle() - CORE/src/Http/Runner.php, line 73
Cake\Routing\Middleware\AssetMiddleware::process() - CORE/src/Routing/Middleware/AssetMiddleware.php, line 68
Cake\Http\Runner::handle() - CORE/src/Http/Runner.php, line 73
Cake\Error\Middleware\ErrorHandlerMiddleware::process() - CORE/src/Error/Middleware/ErrorHandlerMiddleware.php, line 126
Cake\Http\Runner::handle() - CORE/src/Http/Runner.php, line 73
DebugKit\Middleware\DebugKitMiddleware::process() - ROOT/vendor/cakephp/debug_kit/src/Middleware/DebugKitMiddleware.php, line 60
Cake\Http\Runner::handle() - CORE/src/Http/Runner.php, line 73
Cake\Http\Runner::run() - CORE/src/Http/Runner.php, line 58
Cake\Http\Server::run() - CORE/src/Http/Server.php, line 90
[main] - ROOT/webroot/index.php, line 40

2021-12-22 20:13:27 notice: Notice (1024): Undefined property: TasksController::$tasks in /Applications/XAMPP/xamppfiles/htdocs/todo/src/Controller/TasksController.php on line 20 in [/Applications/XAMPP/xamppfiles/htdocs/todo/vendor/cakephp/cakephp/src/Controller/Controller.php, line 329]
Request URL: /Tasks
Client IP: 127.0.0.1
Trace:
Cake\Error\BaseErrorHandler::handleError() - CORE/src/Error/BaseErrorHandler.php, line 185
DebugKit\Plugin::DebugKit\{closure}() - ROOT/vendor/cakephp/debug_kit/src/Plugin.php, line 105
Cake\Controller\Controller::__get() - CORE/src/Controller/Controller.php, line 329
App\Controller\TasksController::index() - APP/Controller/TasksController.php, line 20
Cake\Controller\Controller::invokeAction() - CORE/src/Controller/Controller.php, line 539
Cake\Controller\ControllerFactory::handle() - CORE/src/Controller/ControllerFactory.php, line 140
Cake\Controller\ControllerFactory::invoke() - CORE/src/Controller/ControllerFactory.php, line 115
Cake\Http\BaseApplication::handle() - CORE/src/Http/BaseApplication.php, line 317
Cake\Http\Runner::handle() - CORE/src/Http/Runner.php, line 77
Cake\Http\Middleware\CsrfProtectionMiddleware::process() - CORE/src/Http/Middleware/CsrfProtectionMiddleware.php, line 174
Cake\Http\Runner::handle() - CORE/src/Http/Runner.php, line 73
Cake\Http\Middleware\BodyParserMiddleware::process() - CORE/src/Http/Middleware/BodyParserMiddleware.php, line 157
Cake\Http\Runner::handle() - CORE/src/Http/Runner.php, line 73
Cake\Routing\Middleware\RoutingMiddleware::process() - CORE/src/Routing/Middleware/RoutingMiddleware.php, line 161
Cake\Http\Runner::handle() - CORE/src/Http/Runner.php, line 73
Cake\Routing\Middleware\AssetMiddleware::process() - CORE/src/Routing/Middleware/AssetMiddleware.php, line 68
Cake\Http\Runner::handle() - CORE/src/Http/Runner.php, line 73
Cake\Error\Middleware\ErrorHandlerMiddleware::process() - CORE/src/Error/Middleware/ErrorHandlerMiddleware.php, line 126
Cake\Http\Runner::handle() - CORE/src/Http/Runner.php, line 73
DebugKit\Middleware\DebugKitMiddleware::process() - ROOT/vendor/cakephp/debug_kit/src/Middleware/DebugKitMiddleware.php, line 60
Cake\Http\Runner::handle() - CORE/src/Http/Runner.php, line 73
Cake\Http\Runner::run() - CORE/src/Http/Runner.php, line 58
Cake\Http\Server::run() - CORE/src/Http/Server.php, line 90
[main] - ROOT/webroot/index.php, line 40

2021-12-23 14:47:03 notice: Notice (8): Undefined index: events in [/Applications/XAMPP/xamppfiles/htdocs/todo/templates/Tasks/functions.php, line 4]
Request URL: /tasks/functions
Client IP: 127.0.0.1
Trace:
Cake\Error\BaseErrorHandler::handleError() - CORE/src/Error/BaseErrorHandler.php, line 185
DebugKit\Plugin::DebugKit\{closure}() - ROOT/vendor/cakephp/debug_kit/src/Plugin.php, line 105
include - ROOT/templates/Tasks/functions.php, line 4
Cake\View\View::_evaluate() - CORE/src/View/View.php, line 1181
Cake\View\View::_render() - CORE/src/View/View.php, line 1138
Cake\View\View::render() - CORE/src/View/View.php, line 769
Cake\Controller\Controller::render() - CORE/src/Controller/Controller.php, line 762
Cake\Controller\Controller::invokeAction() - CORE/src/Controller/Controller.php, line 548
Cake\Controller\ControllerFactory::handle() - CORE/src/Controller/ControllerFactory.php, line 140
Cake\Controller\ControllerFactory::invoke() - CORE/src/Controller/ControllerFactory.php, line 115
Cake\Http\BaseApplication::handle() - CORE/src/Http/BaseApplication.php, line 317
Cake\Http\Runner::handle() - CORE/src/Http/Runner.php, line 77
Cake\Http\Middleware\CsrfProtectionMiddleware::process() - CORE/src/Http/Middleware/CsrfProtectionMiddleware.php, line 174
Cake\Http\Runner::handle() - CORE/src/Http/Runner.php, line 73
Cake\Http\Middleware\BodyParserMiddleware::process() - CORE/src/Http/Middleware/BodyParserMiddleware.php, line 157
Cake\Http\Runner::handle() - CORE/src/Http/Runner.php, line 73
Cake\Routing\Middleware\RoutingMiddleware::process() - CORE/src/Routing/Middleware/RoutingMiddleware.php, line 161
Cake\Http\Runner::handle() - CORE/src/Http/Runner.php, line 73
Cake\Routing\Middleware\AssetMiddleware::process() - CORE/src/Routing/Middleware/AssetMiddleware.php, line 68
Cake\Http\Runner::handle() - CORE/src/Http/Runner.php, line 73
Cake\Error\Middleware\ErrorHandlerMiddleware::process() - CORE/src/Error/Middleware/ErrorHandlerMiddleware.php, line 126
Cake\Http\Runner::handle() - CORE/src/Http/Runner.php, line 73
DebugKit\Middleware\DebugKitMiddleware::process() - ROOT/vendor/cakephp/debug_kit/src/Middleware/DebugKitMiddleware.php, line 60
Cake\Http\Runner::handle() - CORE/src/Http/Runner.php, line 73
Cake\Http\Runner::run() - CORE/src/Http/Runner.php, line 58
Cake\Http\Server::run() - CORE/src/Http/Server.php, line 90
[main] - ROOT/webroot/index.php, line 40

2021-12-23 14:47:36 notice: Notice (8): Undefined index: date in [/Applications/XAMPP/xamppfiles/htdocs/todo/templates/Tasks/functions.php, line 6]
Request URL: /tasks/functions?events=true
Client IP: 127.0.0.1
Trace:
Cake\Error\BaseErrorHandler::handleError() - CORE/src/Error/BaseErrorHandler.php, line 185
DebugKit\Plugin::DebugKit\{closure}() - ROOT/vendor/cakephp/debug_kit/src/Plugin.php, line 105
include - ROOT/templates/Tasks/functions.php, line 6
Cake\View\View::_evaluate() - CORE/src/View/View.php, line 1181
Cake\View\View::_render() - CORE/src/View/View.php, line 1138
Cake\View\View::render() - CORE/src/View/View.php, line 769
Cake\Controller\Controller::render() - CORE/src/Controller/Controller.php, line 762
Cake\Controller\Controller::invokeAction() - CORE/src/Controller/Controller.php, line 548
Cake\Controller\ControllerFactory::handle() - CORE/src/Controller/ControllerFactory.php, line 140
Cake\Controller\ControllerFactory::invoke() - CORE/src/Controller/ControllerFactory.php, line 115
Cake\Http\BaseApplication::handle() - CORE/src/Http/BaseApplication.php, line 317
Cake\Http\Runner::handle() - CORE/src/Http/Runner.php, line 77
Cake\Http\Middleware\CsrfProtectionMiddleware::process() - CORE/src/Http/Middleware/CsrfProtectionMiddleware.php, line 174
Cake\Http\Runner::handle() - CORE/src/Http/Runner.php, line 73
Cake\Http\Middleware\BodyParserMiddleware::process() - CORE/src/Http/Middleware/BodyParserMiddleware.php, line 157
Cake\Http\Runner::handle() - CORE/src/Http/Runner.php, line 73
Cake\Routing\Middleware\RoutingMiddleware::process() - CORE/src/Routing/Middleware/RoutingMiddleware.php, line 161
Cake\Http\Runner::handle() - CORE/src/Http/Runner.php, line 73
Cake\Routing\Middleware\AssetMiddleware::process() - CORE/src/Routing/Middleware/AssetMiddleware.php, line 68
Cake\Http\Runner::handle() - CORE/src/Http/Runner.php, line 73
Cake\Error\Middleware\ErrorHandlerMiddleware::process() - CORE/src/Error/Middleware/ErrorHandlerMiddleware.php, line 126
Cake\Http\Runner::handle() - CORE/src/Http/Runner.php, line 73
DebugKit\Middleware\DebugKitMiddleware::process() - ROOT/vendor/cakephp/debug_kit/src/Middleware/DebugKitMiddleware.php, line 60
Cake\Http\Runner::handle() - CORE/src/Http/Runner.php, line 73
Cake\Http\Runner::run() - CORE/src/Http/Runner.php, line 58
Cake\Http\Server::run() - CORE/src/Http/Server.php, line 90
[main] - ROOT/webroot/index.php, line 40

2021-12-23 14:54:27 notice: Notice (8): compact(): Undefined variable: task in [/Applications/XAMPP/xamppfiles/htdocs/todo/src/Controller/TasksController.php, line 107]
Request URL: /tasks/functions?events=true&date=2022-12-12
Client IP: 127.0.0.1
Trace:
Cake\Error\BaseErrorHandler::handleError() - CORE/src/Error/BaseErrorHandler.php, line 185
DebugKit\Plugin::DebugKit\{closure}() - ROOT/vendor/cakephp/debug_kit/src/Plugin.php, line 105
compact - [internal], line ??
App\Controller\TasksController::functions() - APP/Controller/TasksController.php, line 107
Cake\Controller\Controller::invokeAction() - CORE/src/Controller/Controller.php, line 539
Cake\Controller\ControllerFactory::handle() - CORE/src/Controller/ControllerFactory.php, line 140
Cake\Controller\ControllerFactory::invoke() - CORE/src/Controller/ControllerFactory.php, line 115
Cake\Http\BaseApplication::handle() - CORE/src/Http/BaseApplication.php, line 317
Cake\Http\Runner::handle() - CORE/src/Http/Runner.php, line 77
Cake\Http\Middleware\CsrfProtectionMiddleware::process() - CORE/src/Http/Middleware/CsrfProtectionMiddleware.php, line 174
Cake\Http\Runner::handle() - CORE/src/Http/Runner.php, line 73
Cake\Http\Middleware\BodyParserMiddleware::process() - CORE/src/Http/Middleware/BodyParserMiddleware.php, line 157
Cake\Http\Runner::handle() - CORE/src/Http/Runner.php, line 73
Cake\Routing\Middleware\RoutingMiddleware::process() - CORE/src/Routing/Middleware/RoutingMiddleware.php, line 161
Cake\Http\Runner::handle() - CORE/src/Http/Runner.php, line 73
Cake\Routing\Middleware\AssetMiddleware::process() - CORE/src/Routing/Middleware/AssetMiddleware.php, line 68
Cake\Http\Runner::handle() - CORE/src/Http/Runner.php, line 73
Cake\Error\Middleware\ErrorHandlerMiddleware::process() - CORE/src/Error/Middleware/ErrorHandlerMiddleware.php, line 126
Cake\Http\Runner::handle() - CORE/src/Http/Runner.php, line 73
DebugKit\Middleware\DebugKitMiddleware::process() - ROOT/vendor/cakephp/debug_kit/src/Middleware/DebugKitMiddleware.php, line 60
Cake\Http\Runner::handle() - CORE/src/Http/Runner.php, line 73
Cake\Http\Runner::run() - CORE/src/Http/Runner.php, line 58
Cake\Http\Server::run() - CORE/src/Http/Server.php, line 90
[main] - ROOT/webroot/index.php, line 40

2021-12-23 14:57:32 notice: Notice (8): Undefined variable: tasks in [/Applications/XAMPP/xamppfiles/htdocs/todo/templates/Tasks/functions.php, line 17]
Request URL: /tasks/functions?events=true&date=2022-12-12
Client IP: 127.0.0.1
Trace:
Cake\Error\BaseErrorHandler::handleError() - CORE/src/Error/BaseErrorHandler.php, line 185
DebugKit\Plugin::DebugKit\{closure}() - ROOT/vendor/cakephp/debug_kit/src/Plugin.php, line 105
include - ROOT/templates/Tasks/functions.php, line 17
Cake\View\View::_evaluate() - CORE/src/View/View.php, line 1181
Cake\View\View::_render() - CORE/src/View/View.php, line 1138
Cake\View\View::render() - CORE/src/View/View.php, line 769
Cake\Controller\Controller::render() - CORE/src/Controller/Controller.php, line 762
Cake\Controller\Controller::invokeAction() - CORE/src/Controller/Controller.php, line 548
Cake\Controller\ControllerFactory::handle() - CORE/src/Controller/ControllerFactory.php, line 140
Cake\Controller\ControllerFactory::invoke() - CORE/src/Controller/ControllerFactory.php, line 115
Cake\Http\BaseApplication::handle() - CORE/src/Http/BaseApplication.php, line 317
Cake\Http\Runner::handle() - CORE/src/Http/Runner.php, line 77
Cake\Http\Middleware\CsrfProtectionMiddleware::process() - CORE/src/Http/Middleware/CsrfProtectionMiddleware.php, line 174
Cake\Http\Runner::handle() - CORE/src/Http/Runner.php, line 73
Cake\Http\Middleware\BodyParserMiddleware::process() - CORE/src/Http/Middleware/BodyParserMiddleware.php, line 157
Cake\Http\Runner::handle() - CORE/src/Http/Runner.php, line 73
Cake\Routing\Middleware\RoutingMiddleware::process() - CORE/src/Routing/Middleware/RoutingMiddleware.php, line 161
Cake\Http\Runner::handle() - CORE/src/Http/Runner.php, line 73
Cake\Routing\Middleware\AssetMiddleware::process() - CORE/src/Routing/Middleware/AssetMiddleware.php, line 68
Cake\Http\Runner::handle() - CORE/src/Http/Runner.php, line 73
Cake\Error\Middleware\ErrorHandlerMiddleware::process() - CORE/src/Error/Middleware/ErrorHandlerMiddleware.php, line 126
Cake\Http\Runner::handle() - CORE/src/Http/Runner.php, line 73
DebugKit\Middleware\DebugKitMiddleware::process() - ROOT/vendor/cakephp/debug_kit/src/Middleware/DebugKitMiddleware.php, line 60
Cake\Http\Runner::handle() - CORE/src/Http/Runner.php, line 73
Cake\Http\Runner::run() - CORE/src/Http/Runner.php, line 58
Cake\Http\Server::run() - CORE/src/Http/Server.php, line 90
[main] - ROOT/webroot/index.php, line 40

2021-12-23 14:58:26 notice: Notice (8): Undefined variable: tasks in [/Applications/XAMPP/xamppfiles/htdocs/todo/templates/Tasks/functions.php, line 25]
Request URL: /tasks/functions?events=true&date=2022-12-12
Client IP: 127.0.0.1
Trace:
Cake\Error\BaseErrorHandler::handleError() - CORE/src/Error/BaseErrorHandler.php, line 185
DebugKit\Plugin::DebugKit\{closure}() - ROOT/vendor/cakephp/debug_kit/src/Plugin.php, line 105
include - ROOT/templates/Tasks/functions.php, line 25
Cake\View\View::_evaluate() - CORE/src/View/View.php, line 1181
Cake\View\View::_render() - CORE/src/View/View.php, line 1138
Cake\View\View::render() - CORE/src/View/View.php, line 769
Cake\Controller\Controller::render() - CORE/src/Controller/Controller.php, line 762
Cake\Controller\Controller::invokeAction() - CORE/src/Controller/Controller.php, line 548
Cake\Controller\ControllerFactory::handle() - CORE/src/Controller/ControllerFactory.php, line 140
Cake\Controller\ControllerFactory::invoke() - CORE/src/Controller/ControllerFactory.php, line 115
Cake\Http\BaseApplication::handle() - CORE/src/Http/BaseApplication.php, line 317
Cake\Http\Runner::handle() - CORE/src/Http/Runner.php, line 77
Cake\Http\Middleware\CsrfProtectionMiddleware::process() - CORE/src/Http/Middleware/CsrfProtectionMiddleware.php, line 174
Cake\Http\Runner::handle() - CORE/src/Http/Runner.php, line 73
Cake\Http\Middleware\BodyParserMiddleware::process() - CORE/src/Http/Middleware/BodyParserMiddleware.php, line 157
Cake\Http\Runner::handle() - CORE/src/Http/Runner.php, line 73
Cake\Routing\Middleware\RoutingMiddleware::process() - CORE/src/Routing/Middleware/RoutingMiddleware.php, line 161
Cake\Http\Runner::handle() - CORE/src/Http/Runner.php, line 73
Cake\Routing\Middleware\AssetMiddleware::process() - CORE/src/Routing/Middleware/AssetMiddleware.php, line 68
Cake\Http\Runner::handle() - CORE/src/Http/Runner.php, line 73
Cake\Error\Middleware\ErrorHandlerMiddleware::process() - CORE/src/Error/Middleware/ErrorHandlerMiddleware.php, line 126
Cake\Http\Runner::handle() - CORE/src/Http/Runner.php, line 73
DebugKit\Middleware\DebugKitMiddleware::process() - ROOT/vendor/cakephp/debug_kit/src/Middleware/DebugKitMiddleware.php, line 60
Cake\Http\Runner::handle() - CORE/src/Http/Runner.php, line 73
Cake\Http\Runner::run() - CORE/src/Http/Runner.php, line 58
Cake\Http\Server::run() - CORE/src/Http/Server.php, line 90
[main] - ROOT/webroot/index.php, line 40

2021-12-23 15:00:52 notice: Notice (8): Array to string conversion in [/Applications/XAMPP/xamppfiles/htdocs/todo/templates/Tasks/functions.php, line 21]
Request URL: /tasks/functions?events=true&date=2022-12-12
Client IP: 127.0.0.1
Trace:
Cake\Error\BaseErrorHandler::handleError() - CORE/src/Error/BaseErrorHandler.php, line 185
DebugKit\Plugin::DebugKit\{closure}() - ROOT/vendor/cakephp/debug_kit/src/Plugin.php, line 105
include - ROOT/templates/Tasks/functions.php, line 21
Cake\View\View::_evaluate() - CORE/src/View/View.php, line 1181
Cake\View\View::_render() - CORE/src/View/View.php, line 1138
Cake\View\View::render() - CORE/src/View/View.php, line 769
Cake\Controller\Controller::render() - CORE/src/Controller/Controller.php, line 762
Cake\Controller\Controller::invokeAction() - CORE/src/Controller/Controller.php, line 548
Cake\Controller\ControllerFactory::handle() - CORE/src/Controller/ControllerFactory.php, line 140
Cake\Controller\ControllerFactory::invoke() - CORE/src/Controller/ControllerFactory.php, line 115
Cake\Http\BaseApplication::handle() - CORE/src/Http/BaseApplication.php, line 317
Cake\Http\Runner::handle() - CORE/src/Http/Runner.php, line 77
Cake\Http\Middleware\CsrfProtectionMiddleware::process() - CORE/src/Http/Middleware/CsrfProtectionMiddleware.php, line 174
Cake\Http\Runner::handle() - CORE/src/Http/Runner.php, line 73
Cake\Http\Middleware\BodyParserMiddleware::process() - CORE/src/Http/Middleware/BodyParserMiddleware.php, line 157
Cake\Http\Runner::handle() - CORE/src/Http/Runner.php, line 73
Cake\Routing\Middleware\RoutingMiddleware::process() - CORE/src/Routing/Middleware/RoutingMiddleware.php, line 161
Cake\Http\Runner::handle() - CORE/src/Http/Runner.php, line 73
Cake\Routing\Middleware\AssetMiddleware::process() - CORE/src/Routing/Middleware/AssetMiddleware.php, line 68
Cake\Http\Runner::handle() - CORE/src/Http/Runner.php, line 73
Cake\Error\Middleware\ErrorHandlerMiddleware::process() - CORE/src/Error/Middleware/ErrorHandlerMiddleware.php, line 126
Cake\Http\Runner::handle() - CORE/src/Http/Runner.php, line 73
DebugKit\Middleware\DebugKitMiddleware::process() - ROOT/vendor/cakephp/debug_kit/src/Middleware/DebugKitMiddleware.php, line 60
Cake\Http\Runner::handle() - CORE/src/Http/Runner.php, line 73
Cake\Http\Runner::run() - CORE/src/Http/Runner.php, line 58
Cake\Http\Server::run() - CORE/src/Http/Server.php, line 90
[main] - ROOT/webroot/index.php, line 40

2021-12-23 15:33:08 notice: Notice (8): Array to string conversion in [/Applications/XAMPP/xamppfiles/htdocs/todo/templates/Tasks/functions.php, line 26]
Request URL: /tasks/functions?events=true&date=2021-12-12
Referer URL: http://localhost/todo/
Client IP: 127.0.0.1
Trace:
Cake\Error\BaseErrorHandler::handleError() - CORE/src/Error/BaseErrorHandler.php, line 185
DebugKit\Plugin::DebugKit\{closure}() - ROOT/vendor/cakephp/debug_kit/src/Plugin.php, line 105
include - ROOT/templates/Tasks/functions.php, line 26
Cake\View\View::_evaluate() - CORE/src/View/View.php, line 1181
Cake\View\View::_render() - CORE/src/View/View.php, line 1138
Cake\View\View::render() - CORE/src/View/View.php, line 769
Cake\Controller\Controller::render() - CORE/src/Controller/Controller.php, line 762
Cake\Controller\Controller::invokeAction() - CORE/src/Controller/Controller.php, line 548
Cake\Controller\ControllerFactory::handle() - CORE/src/Controller/ControllerFactory.php, line 140
Cake\Controller\ControllerFactory::invoke() - CORE/src/Controller/ControllerFactory.php, line 115
Cake\Http\BaseApplication::handle() - CORE/src/Http/BaseApplication.php, line 317
Cake\Http\Runner::handle() - CORE/src/Http/Runner.php, line 77
Cake\Http\Middleware\CsrfProtectionMiddleware::process() - CORE/src/Http/Middleware/CsrfProtectionMiddleware.php, line 174
Cake\Http\Runner::handle() - CORE/src/Http/Runner.php, line 73
Cake\Http\Middleware\BodyParserMiddleware::process() - CORE/src/Http/Middleware/BodyParserMiddleware.php, line 157
Cake\Http\Runner::handle() - CORE/src/Http/Runner.php, line 73
Cake\Routing\Middleware\RoutingMiddleware::process() - CORE/src/Routing/Middleware/RoutingMiddleware.php, line 161
Cake\Http\Runner::handle() - CORE/src/Http/Runner.php, line 73
Cake\Routing\Middleware\AssetMiddleware::process() - CORE/src/Routing/Middleware/AssetMiddleware.php, line 68
Cake\Http\Runner::handle() - CORE/src/Http/Runner.php, line 73
Cake\Error\Middleware\ErrorHandlerMiddleware::process() - CORE/src/Error/Middleware/ErrorHandlerMiddleware.php, line 126
Cake\Http\Runner::handle() - CORE/src/Http/Runner.php, line 73
DebugKit\Middleware\DebugKitMiddleware::process() - ROOT/vendor/cakephp/debug_kit/src/Middleware/DebugKitMiddleware.php, line 60
Cake\Http\Runner::handle() - CORE/src/Http/Runner.php, line 73
Cake\Http\Runner::run() - CORE/src/Http/Runner.php, line 58
Cake\Http\Server::run() - CORE/src/Http/Server.php, line 90
[main] - ROOT/webroot/index.php, line 40

2021-12-23 15:33:46 notice: Notice (8): Array to string conversion in [/Applications/XAMPP/xamppfiles/htdocs/todo/templates/Tasks/functions.php, line 26]
Request URL: /tasks/functions?events=true&date=2021-12-12
Referer URL: http://localhost/todo/
Client IP: 127.0.0.1
Trace:
Cake\Error\BaseErrorHandler::handleError() - CORE/src/Error/BaseErrorHandler.php, line 185
DebugKit\Plugin::DebugKit\{closure}() - ROOT/vendor/cakephp/debug_kit/src/Plugin.php, line 105
include - ROOT/templates/Tasks/functions.php, line 26
Cake\View\View::_evaluate() - CORE/src/View/View.php, line 1181
Cake\View\View::_render() - CORE/src/View/View.php, line 1138
Cake\View\View::render() - CORE/src/View/View.php, line 769
Cake\Controller\Controller::render() - CORE/src/Controller/Controller.php, line 762
Cake\Controller\Controller::invokeAction() - CORE/src/Controller/Controller.php, line 548
Cake\Controller\ControllerFactory::handle() - CORE/src/Controller/ControllerFactory.php, line 140
Cake\Controller\ControllerFactory::invoke() - CORE/src/Controller/ControllerFactory.php, line 115
Cake\Http\BaseApplication::handle() - CORE/src/Http/BaseApplication.php, line 317
Cake\Http\Runner::handle() - CORE/src/Http/Runner.php, line 77
Cake\Http\Middleware\CsrfProtectionMiddleware::process() - CORE/src/Http/Middleware/CsrfProtectionMiddleware.php, line 174
Cake\Http\Runner::handle() - CORE/src/Http/Runner.php, line 73
Cake\Http\Middleware\BodyParserMiddleware::process() - CORE/src/Http/Middleware/BodyParserMiddleware.php, line 157
Cake\Http\Runner::handle() - CORE/src/Http/Runner.php, line 73
Cake\Routing\Middleware\RoutingMiddleware::process() - CORE/src/Routing/Middleware/RoutingMiddleware.php, line 161
Cake\Http\Runner::handle() - CORE/src/Http/Runner.php, line 73
Cake\Routing\Middleware\AssetMiddleware::process() - CORE/src/Routing/Middleware/AssetMiddleware.php, line 68
Cake\Http\Runner::handle() - CORE/src/Http/Runner.php, line 73
Cake\Error\Middleware\ErrorHandlerMiddleware::process() - CORE/src/Error/Middleware/ErrorHandlerMiddleware.php, line 126
Cake\Http\Runner::handle() - CORE/src/Http/Runner.php, line 73
DebugKit\Middleware\DebugKitMiddleware::process() - ROOT/vendor/cakephp/debug_kit/src/Middleware/DebugKitMiddleware.php, line 60
Cake\Http\Runner::handle() - CORE/src/Http/Runner.php, line 73
Cake\Http\Runner::run() - CORE/src/Http/Runner.php, line 58
Cake\Http\Server::run() - CORE/src/Http/Server.php, line 90
[main] - ROOT/webroot/index.php, line 40

